<?xml version="1.0" encoding="UTF-8"?>
<testng-results skipped="0" failed="0" ignored="0" total="1" passed="1">
  <reporter-output>
  </reporter-output>
  <suite name="Default suite" duration-ms="19822" started-at="2021-05-06T17:10:45 CAT" finished-at="2021-05-06T17:11:05 CAT">
    <groups>
    </groups>
    <test name="Default test" duration-ms="19822" started-at="2021-05-06T17:10:45 CAT" finished-at="2021-05-06T17:11:05 CAT">
      <class name="Ex1">
        <test-method status="PASS" signature="Test_4()[pri:0, instance:Ex1@4b553d26]" name="Test_4" duration-ms="19763" started-at="2021-05-06T17:10:45 CAT" finished-at="2021-05-06T17:11:05 CAT">
          <reporter-output>
          </reporter-output>
        </test-method> <!-- Test_4 -->
      </class> <!-- Ex1 -->
    </test> <!-- Default test -->
  </suite> <!-- Default suite -->
</testng-results>
